[11:38:50] [main/INFO]: Environment: authHost='https://authserver.mojang.com', accountsHost='https://api.mojang.com', sessionHost='https://sessionserver.mojang.com', servicesHost='https://api.minecraftservices.com', name='PROD'
[11:38:51] [main/INFO]: Found new data pack file/bukkit, loading it automatically
[11:38:52] [main/INFO]: Reloading ResourceManager: Default, bukkit
[11:38:53] [Worker-Main-4/INFO]: Loaded 7 recipes
[11:38:58] [Server thread/INFO]: Starting minecraft server version 1.16.4
[11:38:58] [Server thread/INFO]: Loading properties
[11:38:59] [Server thread/INFO]: This server is running CraftBukkit version git-Spigot-a19903d-5b74714 (MC: 1.16.4) (Implementing API version 1.16.4-R0.1-SNAPSHOT)
[11:38:59] [Server thread/INFO]: Debug logging is disabled
[11:38:59] [Server thread/INFO]: Server Ping Player Sample Count: 12
[11:38:59] [Server thread/INFO]: Using 4 threads for Netty based IO
[11:38:59] [Server thread/INFO]: Default game type: SURVIVAL
[11:38:59] [Server thread/INFO]: Generating keypair
[11:39:00] [Server thread/INFO]: Starting Minecraft server on mc.dev.nicc.io:25565
[11:39:00] [Server thread/INFO]: Using default channel type
[11:39:00] [Server thread/WARN]: **** FAILED TO BIND TO PORT!
[11:39:00] [Server thread/WARN]: The exception was: java.net.BindException: Can't assign requested address
[11:39:00] [Server thread/WARN]: Perhaps a server is already running on that port?
[11:39:00] [Server thread/INFO]: Stopping server
[11:39:00] [Server thread/INFO]: Saving players
[11:39:00] [Server thread/INFO]: Saving worlds
